<?xml version="1.0" encoding="UTF-8"?>
<testsuite xmlns:xsi="http://www.w3.org/2001/XMLSchema-instance" xsi:noNamespaceSchemaLocation="https://maven.apache.org/surefire/maven-surefire-plugin/xsd/surefire-test-report.xsd" name="testscenario.KogitoScenarioJunitActivatorTest" time="0.152" tests="2" errors="0" skipped="0" failures="0">
  <properties>
[...]
</properties>
  <testcase name="#1: Low credit does not get approved" classname="testscenario.KogitoScenarioJunitActivatorTest" time="0.092"/>
  <testcase name="#2: Good credit does get approved" classname="testscenario.KogitoScenarioJunitActivatorTest" time="0.054"/>
</testsuite>